Using pre-set license
Built from '2022.1/staging' branch; Version is '2022.1.17f1 (2d349551e475) revision 2962581'; Using compiler version '192829333'; Build Type 'Release'
OS: 'Windows 10  (10.0.19044) 64bit Core' Language: 'ko' Physical Memory: 16310 MB
BatchMode: 1, IsHumanControllingUs: 0, StartBugReporterOnCrash: 0, Is64bit: 1, IsPro: 1

COMMAND LINE ARGUMENTS:
C:\Program Files\Unity\Hub\Editor\2022.1.17f1\Editor\Unity.exe
-adb2
-batchMode
-noUpm
-name
AssetImportWorker3
-projectPath
C:/Users/dldud/Documents/GitHub/GameCreateProject/Game Create Project
-logFile
Logs/AssetImportWorker3.log
-srvPort
54242
Successfully changed project path to: C:/Users/dldud/Documents/GitHub/GameCreateProject/Game Create Project
C:/Users/dldud/Documents/GitHub/GameCreateProject/Game Create Project
[UnityMemory] Configuration Parameters - Can be set up in boot.config
    "memorysetup-bucket-allocator-granularity=16"
    "memorysetup-bucket-allocator-bucket-count=8"
    "memorysetup-bucket-allocator-block-size=33554432"
    "memorysetup-bucket-allocator-block-count=8"
    "memorysetup-main-allocator-block-size=16777216"
    "memorysetup-thread-allocator-block-size=16777216"
    "memorysetup-gfx-main-allocator-block-size=16777216"
    "memorysetup-gfx-thread-allocator-block-size=16777216"
    "memorysetup-cache-allocator-block-size=4194304"
    "memorysetup-typetree-allocator-block-size=2097152"
    "memorysetup-profiler-bucket-allocator-granularity=16"
    "memorysetup-profiler-bucket-allocator-bucket-count=8"
    "memorysetup-profiler-bucket-allocator-block-size=33554432"
    "memorysetup-profiler-bucket-allocator-block-count=8"
    "memorysetup-profiler-allocator-block-size=16777216"
    "memorysetup-profiler-editor-allocator-block-size=1048576"
    "memorysetup-temp-allocator-size-main=16777216"
    "memorysetup-job-temp-allocator-block-size=2097152"
    "memorysetup-job-temp-allocator-block-size-background=1048576"
    "memorysetup-job-temp-allocator-reduction-small-platforms=262144"
    "memorysetup-temp-allocator-size-background-worker=32768"
    "memorysetup-temp-allocator-size-job-worker=262144"
    "memorysetup-temp-allocator-size-preload-manager=33554432"
    "memorysetup-temp-allocator-size-nav-mesh-worker=65536"
    "memorysetup-temp-allocator-size-audio-worker=65536"
    "memorysetup-temp-allocator-size-cloud-worker=32768"
    "memorysetup-temp-allocator-size-gi-baking-worker=262144"
    "memorysetup-temp-allocator-size-gfx=262144"
Refreshing native plugins compatible for Editor in 90.03 ms, found 4 plugins.
Preloading 0 native plugins for Editor in 0.00 ms.
Initialize engine version: 2022.1.17f1 (2d349551e475)
[Subsystems] Discovering subsystems at path C:/Program Files/Unity/Hub/Editor/2022.1.17f1/Editor/Data/Resources/UnitySubsystems
[Subsystems] Discovering subsystems at path C:/Users/dldud/Documents/GitHub/GameCreateProject/Game Create Project/Assets
GfxDevice: creating device client; threaded=0; jobified=0
Direct3D:
    Version:  Direct3D 11.0 [level 11.1]
    Renderer: NVIDIA GeForce RTX 2070 SUPER (ID=0x1e84)
    Vendor:   NVIDIA
    VRAM:     8003 MB
    Driver:   31.0.15.2698
Initialize mono
Mono path[0] = 'C:/Program Files/Unity/Hub/Editor/2022.1.17f1/Editor/Data/Managed'
Mono path[1] = 'C:/Program Files/Unity/Hub/Editor/2022.1.17f1/Editor/Data/MonoBleedingEdge/lib/mono/unityjit-win32'
Mono config path = 'C:/Program Files/Unity/Hub/Editor/2022.1.17f1/Editor/Data/MonoBleedingEdge/etc'
Using monoOptions --debugger-agent=transport=dt_socket,embedding=1,server=y,suspend=n,address=127.0.0.1:56524
Begin MonoManager ReloadAssembly
Registering precompiled unity dll's ...
Register platform support module: C:/Program Files/Unity/Hub/Editor/2022.1.17f1/Editor/Data/PlaybackEngines/WindowsStandaloneSupport/UnityEditor.WindowsStandalone.Extensions.dll
Register platform support module: C:/Program Files/Unity/Hub/Editor/2022.1.17f1/Editor/Data/PlaybackEngines/MetroSupport/UnityEditor.UWP.Extensions.dll
Registered in 0.012707 seconds.
Native extension for UWP target not found
Native extension for WindowsStandalone target not found
Refreshing native plugins compatible for Editor in 86.06 ms, found 4 plugins.
Preloading 0 native plugins for Editor in 0.00 ms.
Mono: successfully reloaded assembly
- Completed reload, in  0.606 seconds
Domain Reload Profiling:
	ReloadAssembly (606ms)
		BeginReloadAssembly (78ms)
			ExecutionOrderSort (0ms)
			DisableScriptedObjects (0ms)
			BackupInstance (0ms)
			ReleaseScriptingObjects (0ms)
			CreateAndSetChildDomain (1ms)
		EndReloadAssembly (420ms)
			LoadAssemblies (75ms)
			RebuildTransferFunctionScriptingTraits (0ms)
			SetupTypeCache (94ms)
				TypeCache.Initialize (94ms)
					TypeCache.ScanAssembly (93ms)
				ResolveRequiredComponents (0ms)
			ReleaseScriptCaches (0ms)
			RebuildScriptCaches (24ms)
			SetupLoadedEditorAssemblies (254ms)
				LogAssemblyErrors (0ms)
				InitializePlatformSupportModulesInManaged (10ms)
				SetLoadedEditorAssemblies (6ms)
				RefreshPlugins (86ms)
				BeforeProcessingInitializeOnLoad (1ms)
				ProcessInitializeOnLoadAttributes (114ms)
				ProcessInitializeOnLoadMethodAttributes (37ms)
				AfterProcessingInitializeOnLoad (0ms)
				EditorAssembliesLoaded (0ms)
			ExecutionOrderSort2 (0ms)
			AwakeInstancesAfterBackupRestoration (0ms)
Platform modules already initialized, skipping
Registering precompiled user dll's ...
Registered in 0.010612 seconds.
Begin MonoManager ReloadAssembly
Symbol file LoadedFromMemory doesn't match image C:\Users\dldud\Documents\GitHub\GameCreateProject\Game Create Project\Library\PackageCache\com.unity.visualscripting@1.7.8\Editor\VisualScripting.Core\Dependencies\YamlDotNet\Unity.VisualScripting.YamlDotNet.dll
Symbol file LoadedFromMemory doesn't match image C:\Users\dldud\Documents\GitHub\GameCreateProject\Game Create Project\Library\PackageCache\com.unity.visualscripting@1.7.8\Editor\VisualScripting.Core\Dependencies\DotNetZip\Unity.VisualScripting.IonicZip.dll
Native extension for UWP target not found
Native extension for WindowsStandalone target not found
Refreshing native plugins compatible for Editor in 86.97 ms, found 4 plugins.
Preloading 0 native plugins for Editor in 0.00 ms.
Mono: successfully reloaded assembly
- Completed reload, in  1.070 seconds
Domain Reload Profiling:
	ReloadAssembly (1071ms)
		BeginReloadAssembly (113ms)
			ExecutionOrderSort (0ms)
			DisableScriptedObjects (4ms)
			BackupInstance (0ms)
			ReleaseScriptingObjects (0ms)
			CreateAndSetChildDomain (19ms)
		EndReloadAssembly (845ms)
			LoadAssemblies (98ms)
			RebuildTransferFunctionScriptingTraits (0ms)
			SetupTypeCache (217ms)
				TypeCache.Initialize (213ms)
					TypeCache.ScanAssembly (209ms)
				ResolveRequiredComponents (4ms)
			ReleaseScriptCaches (1ms)
			RebuildScriptCaches (50ms)
			SetupLoadedEditorAssemblies (437ms)
				LogAssemblyErrors (0ms)
				InitializePlatformSupportModulesInManaged (7ms)
				SetLoadedEditorAssemblies (5ms)
				RefreshPlugins (87ms)
				BeforeProcessingInitializeOnLoad (104ms)
				ProcessInitializeOnLoadAttributes (190ms)
				ProcessInitializeOnLoadMethodAttributes (31ms)
				AfterProcessingInitializeOnLoad (12ms)
				EditorAssembliesLoaded (0ms)
			ExecutionOrderSort2 (0ms)
			AwakeInstancesAfterBackupRestoration (6ms)
Platform modules already initialized, skipping
========================================================================
Worker process is ready to serve import requests
Launched and connected shader compiler UnityShaderCompiler.exe after 0.06 seconds
Refreshing native plugins compatible for Editor in 1.14 ms, found 4 plugins.
Preloading 0 native plugins for Editor in 0.00 ms.
Unloading 4149 Unused Serialized files (Serialized files now loaded: 0)
Unloading 45 unused Assets / (239.7 KB). Loaded Objects now: 4602.
Memory consumption went from 0.64 GB to 0.64 GB.
Total: 3.550500 ms (FindLiveObjects: 0.386000 ms CreateObjectMapping: 0.114200 ms MarkObjects: 2.871100 ms  DeleteObjects: 0.178100 ms)

AssetImportParameters requested are different than current active one (requested -> active):
  custom:video-decoder-ogg-theora: a1e56fd34408186e4bbccfd4996cb3dc -> 
  custom:container-muxer-webm: aa71ff27fc2769a1b78a27578f13a17b -> 
  custom:container-demuxer-webm: 4f35f7cbe854078d1ac9338744f61a02 -> 
  custom:video-encoder-webm-vp8: eb34c28f22e8b96e1ab97ce403110664 -> 
  custom:audio-encoder-webm-vorbis: bf7c407c2cedff20999df2af8eb42d56 -> 
  custom:framework-win-MediaFoundation: 216162199b28c13a410421893ffa2e32 -> 
  custom:container-demuxer-ogg: 62fdf1f143b41e24485cea50d1cbac27 -> 
  custom:video-decoder-webm-vp8: 9c59270c3fd7afecdb556c50c9e8de78 -> 
  custom:audio-decoder-ogg-vorbis: bf7c407c2cedff20999df2af8eb42d56 -> 
========================================================================
Received Import Request.
  Time since last request: 1467160.383605 seconds.
  path: Assets/Tilemaps/Wall_Tiles/TX Tileset Stone Ground_2.asset
  artifactKey: Guid(436d330b4067a9547bc79afe36b88aff) Importer(815301076,1909f56bfc062723c751e8b465ee728b)
Start importing Assets/Tilemaps/Wall_Tiles/TX Tileset Stone Ground_2.asset using Guid(436d330b4067a9547bc79afe36b88aff) Importer(815301076,1909f56bfc062723c751e8b465ee728b)  -> (artifact id: '4c40a3e0c1a8c95c11cc97ddc8b62134') in 0.067100 seconds 
========================================================================
Received Import Request.
  Time since last request: 0.000021 seconds.
  path: Assets/Tilemaps/Wall_Tiles/TX Tileset Stone Ground_20.asset
  artifactKey: Guid(d79437a23b40c7f46ae3b69a19666c27) Importer(815301076,1909f56bfc062723c751e8b465ee728b)
Start importing Assets/Tilemaps/Wall_Tiles/TX Tileset Stone Ground_20.asset using Guid(d79437a23b40c7f46ae3b69a19666c27) Importer(815301076,1909f56bfc062723c751e8b465ee728b)  -> (artifact id: 'cba4bfe2f7bdc606d93860894b23973d') in 0.015137 seconds 
========================================================================
Received Import Request.
  Time since last request: 0.000028 seconds.
  path: Assets/Tilemaps/Wall_Tiles/TX Tileset Stone Ground_7.asset
  artifactKey: Guid(3484565c3593d5c4b8bbc6cdac1f0048) Importer(815301076,1909f56bfc062723c751e8b465ee728b)
Start importing Assets/Tilemaps/Wall_Tiles/TX Tileset Stone Ground_7.asset using Guid(3484565c3593d5c4b8bbc6cdac1f0048) Importer(815301076,1909f56bfc062723c751e8b465ee728b)  -> (artifact id: 'bf1a46e6ab257fdf2bdb14b471e1a044') in 0.014136 seconds 
========================================================================
Received Import Request.
  Time since last request: 0.000020 seconds.
  path: Assets/Tilemaps/Wall_Tiles/TX Tileset Stone Ground_35.asset
  artifactKey: Guid(3a985776cc14eba4cb899cdbe7805b1a) Importer(815301076,1909f56bfc062723c751e8b465ee728b)
Start importing Assets/Tilemaps/Wall_Tiles/TX Tileset Stone Ground_35.asset using Guid(3a985776cc14eba4cb899cdbe7805b1a) Importer(815301076,1909f56bfc062723c751e8b465ee728b)  -> (artifact id: '7f4949d7901c3df4c4b9bb9328dc5476') in 0.013364 seconds 
========================================================================
Received Import Request.
  Time since last request: 0.000025 seconds.
  path: Assets/Tilemaps/Wall_Tiles/TX Tileset Stone Ground_13.asset
  artifactKey: Guid(06005c90b5fd7764494627206da7eb39) Importer(815301076,1909f56bfc062723c751e8b465ee728b)
Start importing Assets/Tilemaps/Wall_Tiles/TX Tileset Stone Ground_13.asset using Guid(06005c90b5fd7764494627206da7eb39) Importer(815301076,1909f56bfc062723c751e8b465ee728b)  -> (artifact id: '2fa086ef297a0d21f0a013e63b1c9f33') in 0.016493 seconds 
========================================================================
Received Import Request.
  Time since last request: 0.000016 seconds.
  path: Assets/Tilemaps/Wall_Tiles/TX Tileset Stone Ground_34.asset
  artifactKey: Guid(6fabf5b00df0f0144b6ec309e885ff68) Importer(815301076,1909f56bfc062723c751e8b465ee728b)
Start importing Assets/Tilemaps/Wall_Tiles/TX Tileset Stone Ground_34.asset using Guid(6fabf5b00df0f0144b6ec309e885ff68) Importer(815301076,1909f56bfc062723c751e8b465ee728b)  -> (artifact id: '98ecb4d92905c919a02cd1c7ba589fc8') in 0.015163 seconds 
========================================================================
Received Import Request.
  Time since last request: 0.000022 seconds.
  path: Assets/Tilemaps/Wall_Tiles/TX Tileset Stone Ground_26.asset
  artifactKey: Guid(4113c0c6b83fd044b9ffea348ec39bef) Importer(815301076,1909f56bfc062723c751e8b465ee728b)
Start importing Assets/Tilemaps/Wall_Tiles/TX Tileset Stone Ground_26.asset using Guid(4113c0c6b83fd044b9ffea348ec39bef) Importer(815301076,1909f56bfc062723c751e8b465ee728b)  -> (artifact id: 'c2e1a77eeed0bc30b56fd71d225ac5aa') in 0.015495 seconds 
========================================================================
Received Import Request.
  Time since last request: 0.000017 seconds.
  path: Assets/Tilemaps/Wall_Tiles/TX Tileset Stone Ground_44.asset
  artifactKey: Guid(84d7f20653f851a4f87fa7868718fa79) Importer(815301076,1909f56bfc062723c751e8b465ee728b)
Start importing Assets/Tilemaps/Wall_Tiles/TX Tileset Stone Ground_44.asset using Guid(84d7f20653f851a4f87fa7868718fa79) Importer(815301076,1909f56bfc062723c751e8b465ee728b)  -> (artifact id: 'd9af7c0ec668ff37533f0cbb84d308fe') in 0.014986 seconds 
========================================================================
Received Import Request.
  Time since last request: 0.000019 seconds.
  path: Assets/Tilemaps/Wall_Tiles/TX Tileset Stone Ground_11.asset
  artifactKey: Guid(e54517c5268519b4190bf1947ad4fb78) Importer(815301076,1909f56bfc062723c751e8b465ee728b)
Start importing Assets/Tilemaps/Wall_Tiles/TX Tileset Stone Ground_11.asset using Guid(e54517c5268519b4190bf1947ad4fb78) Importer(815301076,1909f56bfc062723c751e8b465ee728b)  -> (artifact id: 'bd576b5b97f459ff3b3b7fa6c1bb2e2f') in 0.013850 seconds 
========================================================================
Received Import Request.
  Time since last request: 0.000019 seconds.
  path: Assets/Tilemaps/Wall_Tiles/TX Tileset Stone Ground_24.asset
  artifactKey: Guid(83b64b5d3ede38348bdef1dce34e7052) Importer(815301076,1909f56bfc062723c751e8b465ee728b)
Start importing Assets/Tilemaps/Wall_Tiles/TX Tileset Stone Ground_24.asset using Guid(83b64b5d3ede38348bdef1dce34e7052) Importer(815301076,1909f56bfc062723c751e8b465ee728b)  -> (artifact id: '5775b5744f2977aa988355d43c62626c') in 0.015474 seconds 
========================================================================
Received Import Request.
  Time since last request: 0.000022 seconds.
  path: Assets/Tilemaps/Wall_Tiles/TX Tileset Stone Ground_38.asset
  artifactKey: Guid(f21ebe3f4fcc21942a04a1a30efd6ed2) Importer(815301076,1909f56bfc062723c751e8b465ee728b)
Start importing Assets/Tilemaps/Wall_Tiles/TX Tileset Stone Ground_38.asset using Guid(f21ebe3f4fcc21942a04a1a30efd6ed2) Importer(815301076,1909f56bfc062723c751e8b465ee728b)  -> (artifact id: 'abf64f752e5c5a4bea70cc14a68e6176') in 0.013227 seconds 
========================================================================
Received Import Request.
  Time since last request: 0.000024 seconds.
  path: Assets/Tilemaps/Wall_Tiles/TX Tileset Stone Ground_39.asset
  artifactKey: Guid(22f014824a1ac624da16395e0903477c) Importer(815301076,1909f56bfc062723c751e8b465ee728b)
Start importing Assets/Tilemaps/Wall_Tiles/TX Tileset Stone Ground_39.asset using Guid(22f014824a1ac624da16395e0903477c) Importer(815301076,1909f56bfc062723c751e8b465ee728b)  -> (artifact id: '662350819208f74ee943c15868c62fd2') in 0.013647 seconds 
========================================================================
Received Import Request.
  Time since last request: 0.000019 seconds.
  path: Assets/Tilemaps/Wall_Tiles/TX Tileset Stone Ground_47.asset
  artifactKey: Guid(408f98f15a42bf344896dfb61075c6c4) Importer(815301076,1909f56bfc062723c751e8b465ee728b)
Start importing Assets/Tilemaps/Wall_Tiles/TX Tileset Stone Ground_47.asset using Guid(408f98f15a42bf344896dfb61075c6c4) Importer(815301076,1909f56bfc062723c751e8b465ee728b)  -> (artifact id: 'a9dd722e29fc185d77767f80fc444863') in 0.014385 seconds 
========================================================================
Received Import Request.
  Time since last request: 0.000019 seconds.
  path: Assets/Tilemaps/Wall_Tiles/TX Tileset Stone Ground_48.asset
  artifactKey: Guid(bcf89fcee7b7fed4f96e8a3020230516) Importer(815301076,1909f56bfc062723c751e8b465ee728b)
Start importing Assets/Tilemaps/Wall_Tiles/TX Tileset Stone Ground_48.asset using Guid(bcf89fcee7b7fed4f96e8a3020230516) Importer(815301076,1909f56bfc062723c751e8b465ee728b)  -> (artifact id: '18311f79d6912e340675c47def516dfb') in 0.012990 seconds 
Editor requested this worker to shutdown with reason: Scaling down because of idle timeout
AssetImportWorker is now disconnected from the server
Process exiting
Exiting without the bug reporter. Application will terminate with return code 0