Using pre-set license
Built from '2022.1/staging' branch; Version is '2022.1.17f1 (2d349551e475) revision 2962581'; Using compiler version '192829333'; Build Type 'Release'
OS: 'Windows 10  (10.0.19044) 64bit Core' Language: 'ko' Physical Memory: 16310 MB
BatchMode: 1, IsHumanControllingUs: 0, StartBugReporterOnCrash: 0, Is64bit: 1, IsPro: 1

COMMAND LINE ARGUMENTS:
C:\Program Files\Unity\Hub\Editor\2022.1.17f1\Editor\Unity.exe
-adb2
-batchMode
-noUpm
-name
AssetImportWorker6
-projectPath
C:/Users/dldud/Documents/GitHub/GameCreateProject/Game Create Project
-logFile
Logs/AssetImportWorker6.log
-srvPort
50100
Successfully changed project path to: C:/Users/dldud/Documents/GitHub/GameCreateProject/Game Create Project
C:/Users/dldud/Documents/GitHub/GameCreateProject/Game Create Project
[UnityMemory] Configuration Parameters - Can be set up in boot.config
    "memorysetup-bucket-allocator-granularity=16"
    "memorysetup-bucket-allocator-bucket-count=8"
    "memorysetup-bucket-allocator-block-size=33554432"
    "memorysetup-bucket-allocator-block-count=8"
    "memorysetup-main-allocator-block-size=16777216"
    "memorysetup-thread-allocator-block-size=16777216"
    "memorysetup-gfx-main-allocator-block-size=16777216"
    "memorysetup-gfx-thread-allocator-block-size=16777216"
    "memorysetup-cache-allocator-block-size=4194304"
    "memorysetup-typetree-allocator-block-size=2097152"
    "memorysetup-profiler-bucket-allocator-granularity=16"
    "memorysetup-profiler-bucket-allocator-bucket-count=8"
    "memorysetup-profiler-bucket-allocator-block-size=33554432"
    "memorysetup-profiler-bucket-allocator-block-count=8"
    "memorysetup-profiler-allocator-block-size=16777216"
    "memorysetup-profiler-editor-allocator-block-size=1048576"
    "memorysetup-temp-allocator-size-main=16777216"
    "memorysetup-job-temp-allocator-block-size=2097152"
    "memorysetup-job-temp-allocator-block-size-background=1048576"
    "memorysetup-job-temp-allocator-reduction-small-platforms=262144"
    "memorysetup-temp-allocator-size-background-worker=32768"
    "memorysetup-temp-allocator-size-job-worker=262144"
    "memorysetup-temp-allocator-size-preload-manager=33554432"
    "memorysetup-temp-allocator-size-nav-mesh-worker=65536"
    "memorysetup-temp-allocator-size-audio-worker=65536"
    "memorysetup-temp-allocator-size-cloud-worker=32768"
    "memorysetup-temp-allocator-size-gi-baking-worker=262144"
    "memorysetup-temp-allocator-size-gfx=262144"
Refreshing native plugins compatible for Editor in 100.65 ms, found 4 plugins.
Preloading 0 native plugins for Editor in 0.00 ms.
Initialize engine version: 2022.1.17f1 (2d349551e475)
[Subsystems] Discovering subsystems at path C:/Program Files/Unity/Hub/Editor/2022.1.17f1/Editor/Data/Resources/UnitySubsystems
[Subsystems] Discovering subsystems at path C:/Users/dldud/Documents/GitHub/GameCreateProject/Game Create Project/Assets
GfxDevice: creating device client; threaded=0; jobified=0
Direct3D:
    Version:  Direct3D 11.0 [level 11.1]
    Renderer: NVIDIA GeForce RTX 2070 SUPER (ID=0x1e84)
    Vendor:   NVIDIA
    VRAM:     8003 MB
    Driver:   31.0.15.2698
Initialize mono
Mono path[0] = 'C:/Program Files/Unity/Hub/Editor/2022.1.17f1/Editor/Data/Managed'
Mono path[1] = 'C:/Program Files/Unity/Hub/Editor/2022.1.17f1/Editor/Data/MonoBleedingEdge/lib/mono/unityjit-win32'
Mono config path = 'C:/Program Files/Unity/Hub/Editor/2022.1.17f1/Editor/Data/MonoBleedingEdge/etc'
Using monoOptions --debugger-agent=transport=dt_socket,embedding=1,server=y,suspend=n,address=127.0.0.1:56376
Begin MonoManager ReloadAssembly
Registering precompiled unity dll's ...
Register platform support module: C:/Program Files/Unity/Hub/Editor/2022.1.17f1/Editor/Data/PlaybackEngines/WindowsStandaloneSupport/UnityEditor.WindowsStandalone.Extensions.dll
Register platform support module: C:/Program Files/Unity/Hub/Editor/2022.1.17f1/Editor/Data/PlaybackEngines/MetroSupport/UnityEditor.UWP.Extensions.dll
Registered in 0.012966 seconds.
Native extension for UWP target not found
Native extension for WindowsStandalone target not found
Refreshing native plugins compatible for Editor in 100.05 ms, found 4 plugins.
Preloading 0 native plugins for Editor in 0.00 ms.
Mono: successfully reloaded assembly
- Completed reload, in  0.680 seconds
Domain Reload Profiling:
	ReloadAssembly (680ms)
		BeginReloadAssembly (86ms)
			ExecutionOrderSort (0ms)
			DisableScriptedObjects (0ms)
			BackupInstance (0ms)
			ReleaseScriptingObjects (0ms)
			CreateAndSetChildDomain (1ms)
		EndReloadAssembly (476ms)
			LoadAssemblies (83ms)
			RebuildTransferFunctionScriptingTraits (0ms)
			SetupTypeCache (106ms)
				TypeCache.Initialize (105ms)
					TypeCache.ScanAssembly (104ms)
				ResolveRequiredComponents (0ms)
			ReleaseScriptCaches (0ms)
			RebuildScriptCaches (27ms)
			SetupLoadedEditorAssemblies (293ms)
				LogAssemblyErrors (0ms)
				InitializePlatformSupportModulesInManaged (11ms)
				SetLoadedEditorAssemblies (6ms)
				RefreshPlugins (100ms)
				BeforeProcessingInitializeOnLoad (2ms)
				ProcessInitializeOnLoadAttributes (132ms)
				ProcessInitializeOnLoadMethodAttributes (41ms)
				AfterProcessingInitializeOnLoad (0ms)
				EditorAssembliesLoaded (0ms)
			ExecutionOrderSort2 (0ms)
			AwakeInstancesAfterBackupRestoration (0ms)
Platform modules already initialized, skipping
Registering precompiled user dll's ...
Registered in 0.010841 seconds.
Begin MonoManager ReloadAssembly
Symbol file LoadedFromMemory doesn't match image C:\Users\dldud\Documents\GitHub\GameCreateProject\Game Create Project\Library\PackageCache\com.unity.visualscripting@1.7.8\Editor\VisualScripting.Core\Dependencies\YamlDotNet\Unity.VisualScripting.YamlDotNet.dll
Symbol file LoadedFromMemory doesn't match image C:\Users\dldud\Documents\GitHub\GameCreateProject\Game Create Project\Library\PackageCache\com.unity.visualscripting@1.7.8\Editor\VisualScripting.Core\Dependencies\DotNetZip\Unity.VisualScripting.IonicZip.dll
Native extension for UWP target not found
Native extension for WindowsStandalone target not found
Refreshing native plugins compatible for Editor in 89.69 ms, found 4 plugins.
Preloading 0 native plugins for Editor in 0.00 ms.
Mono: successfully reloaded assembly
- Completed reload, in  1.184 seconds
Domain Reload Profiling:
	ReloadAssembly (1186ms)
		BeginReloadAssembly (127ms)
			ExecutionOrderSort (0ms)
			DisableScriptedObjects (5ms)
			BackupInstance (0ms)
			ReleaseScriptingObjects (0ms)
			CreateAndSetChildDomain (19ms)
		EndReloadAssembly (936ms)
			LoadAssemblies (123ms)
			RebuildTransferFunctionScriptingTraits (0ms)
			SetupTypeCache (245ms)
				TypeCache.Initialize (240ms)
					TypeCache.ScanAssembly (236ms)
				ResolveRequiredComponents (4ms)
			ReleaseScriptCaches (1ms)
			RebuildScriptCaches (57ms)
			SetupLoadedEditorAssemblies (464ms)
				LogAssemblyErrors (0ms)
				InitializePlatformSupportModulesInManaged (8ms)
				SetLoadedEditorAssemblies (6ms)
				RefreshPlugins (90ms)
				BeforeProcessingInitializeOnLoad (110ms)
				ProcessInitializeOnLoadAttributes (206ms)
				ProcessInitializeOnLoadMethodAttributes (33ms)
				AfterProcessingInitializeOnLoad (12ms)
				EditorAssembliesLoaded (0ms)
			ExecutionOrderSort2 (0ms)
			AwakeInstancesAfterBackupRestoration (8ms)
Platform modules already initialized, skipping
========================================================================
Worker process is ready to serve import requests
Launched and connected shader compiler UnityShaderCompiler.exe after 0.09 seconds
Refreshing native plugins compatible for Editor in 1.43 ms, found 4 plugins.
Preloading 0 native plugins for Editor in 0.00 ms.
Unloading 4149 Unused Serialized files (Serialized files now loaded: 0)
Unloading 39 unused Assets / (58.5 KB). Loaded Objects now: 4608.
Memory consumption went from 0.64 GB to 0.64 GB.
Total: 3.486600 ms (FindLiveObjects: 0.366100 ms CreateObjectMapping: 0.118700 ms MarkObjects: 2.891600 ms  DeleteObjects: 0.109000 ms)

AssetImportParameters requested are different than current active one (requested -> active):
  custom:video-decoder-ogg-theora: a1e56fd34408186e4bbccfd4996cb3dc -> 
  custom:container-muxer-webm: aa71ff27fc2769a1b78a27578f13a17b -> 
  custom:container-demuxer-webm: 4f35f7cbe854078d1ac9338744f61a02 -> 
  custom:video-encoder-webm-vp8: eb34c28f22e8b96e1ab97ce403110664 -> 
  custom:audio-encoder-webm-vorbis: bf7c407c2cedff20999df2af8eb42d56 -> 
  custom:framework-win-MediaFoundation: 216162199b28c13a410421893ffa2e32 -> 
  custom:container-demuxer-ogg: 62fdf1f143b41e24485cea50d1cbac27 -> 
  custom:video-decoder-webm-vp8: 9c59270c3fd7afecdb556c50c9e8de78 -> 
  custom:audio-decoder-ogg-vorbis: bf7c407c2cedff20999df2af8eb42d56 -> 
========================================================================
Received Import Request.
  Time since last request: 1427466.625477 seconds.
  path: Assets/Sources
  artifactKey: Guid(896fc8e5dcb9fc441bec984c37a978ac) Importer(815301076,1909f56bfc062723c751e8b465ee728b)
Start importing Assets/Sources using Guid(896fc8e5dcb9fc441bec984c37a978ac) Importer(815301076,1909f56bfc062723c751e8b465ee728b)  -> (artifact id: '6ae5f2dc1948a3547cef5112ae359032') in 0.007902 seconds 
========================================================================
Received Import Request.
  Time since last request: 17.340837 seconds.
  path: Assets/Sources/Capture
  artifactKey: Guid(779cd08ce90deaf45bb171e2cd8e870f) Importer(815301076,1909f56bfc062723c751e8b465ee728b)
Start importing Assets/Sources/Capture using Guid(779cd08ce90deaf45bb171e2cd8e870f) Importer(815301076,1909f56bfc062723c751e8b465ee728b)  -> (artifact id: 'ec3b5697407013d83c3d459fbc7c4299') in 0.006501 seconds 
========================================================================
Received Import Request.
  Time since last request: 163.044699 seconds.
  path: Assets/Sources/Capture/Capture00.png
  artifactKey: Guid(1514c25dabe4d554d8b54d739c5cac03) Importer(815301076,1909f56bfc062723c751e8b465ee728b)
Start importing Assets/Sources/Capture/Capture00.png using Guid(1514c25dabe4d554d8b54d739c5cac03) Importer(815301076,1909f56bfc062723c751e8b465ee728b)  -> (artifact id: 'de17673ae0d4aa9994ac3e5a6c8336b0') in 0.289167 seconds 
========================================================================
Received Import Request.
  Time since last request: 0.000050 seconds.
  path: Assets/Sources/Capture/Capture08.png
  artifactKey: Guid(fc959f59915233544a7dc6511dc7bde9) Importer(815301076,1909f56bfc062723c751e8b465ee728b)
Start importing Assets/Sources/Capture/Capture08.png using Guid(fc959f59915233544a7dc6511dc7bde9) Importer(815301076,1909f56bfc062723c751e8b465ee728b)  -> (artifact id: '3035bf3848403d1268ed0287a13664ca') in 0.112556 seconds 
========================================================================
Received Import Request.
  Time since last request: 0.000044 seconds.
  path: Assets/Sources/Capture/Capture05.png
  artifactKey: Guid(a7f7a93c661242446872bb871c91f905) Importer(815301076,1909f56bfc062723c751e8b465ee728b)
Start importing Assets/Sources/Capture/Capture05.png using Guid(a7f7a93c661242446872bb871c91f905) Importer(815301076,1909f56bfc062723c751e8b465ee728b)  -> (artifact id: 'e56d510a36136288e0fed1b09036ade2') in 0.103323 seconds 
========================================================================
Received Import Request.
  Time since last request: 0.000025 seconds.
  path: Assets/Sources/Capture/Capture11.png
  artifactKey: Guid(46af71127a726ef439e117bb58ee44f1) Importer(815301076,1909f56bfc062723c751e8b465ee728b)
Start importing Assets/Sources/Capture/Capture11.png using Guid(46af71127a726ef439e117bb58ee44f1) Importer(815301076,1909f56bfc062723c751e8b465ee728b)  -> (artifact id: 'd64739e0a1ea435791b962bbefa0e114') in 0.098345 seconds 
========================================================================
Received Import Request.
  Time since last request: 0.000033 seconds.
  path: Assets/Sources/Capture/Capture12.png
  artifactKey: Guid(e3a1f792810644f44909c8001ce829f3) Importer(815301076,1909f56bfc062723c751e8b465ee728b)
Start importing Assets/Sources/Capture/Capture12.png using Guid(e3a1f792810644f44909c8001ce829f3) Importer(815301076,1909f56bfc062723c751e8b465ee728b)  -> (artifact id: '38eabd08d9a16689a6a9c63aa28846cd') in 0.086159 seconds 
========================================================================
Received Import Request.
  Time since last request: 0.000051 seconds.
  path: Assets/Sources/Capture/Capture03.png
  artifactKey: Guid(3434535858568bd4faef272dd8de0ad3) Importer(815301076,1909f56bfc062723c751e8b465ee728b)
Start importing Assets/Sources/Capture/Capture03.png using Guid(3434535858568bd4faef272dd8de0ad3) Importer(815301076,1909f56bfc062723c751e8b465ee728b)  -> (artifact id: '08241f15af8db80a5f238de7cdbbbe14') in 0.096584 seconds 
========================================================================
Received Import Request.
  Time since last request: 0.000019 seconds.
  path: Assets/Sources/Capture/Capture10.png
  artifactKey: Guid(15c11399aa6698d4bbee6230ba8c28eb) Importer(815301076,1909f56bfc062723c751e8b465ee728b)
Start importing Assets/Sources/Capture/Capture10.png using Guid(15c11399aa6698d4bbee6230ba8c28eb) Importer(815301076,1909f56bfc062723c751e8b465ee728b)  -> (artifact id: '5337a4c20b381b4d58a1e3f144e447b7') in 0.115644 seconds 
========================================================================
Received Import Request.
  Time since last request: 0.000063 seconds.
  path: Assets/Sources/Capture/Capture17.png
  artifactKey: Guid(b1f0454400a224c4b87e6e88ec6ed1da) Importer(815301076,1909f56bfc062723c751e8b465ee728b)
Start importing Assets/Sources/Capture/Capture17.png using Guid(b1f0454400a224c4b87e6e88ec6ed1da) Importer(815301076,1909f56bfc062723c751e8b465ee728b)  -> (artifact id: 'c4943f58ae4f63a71640967b57defbb2') in 0.087356 seconds 
========================================================================
Received Import Request.
  Time since last request: 0.000062 seconds.
  path: Assets/Sources/Capture/Capture02.png
  artifactKey: Guid(fe29de0a6e9f23b41b7191c81ec416fb) Importer(815301076,1909f56bfc062723c751e8b465ee728b)
Start importing Assets/Sources/Capture/Capture02.png using Guid(fe29de0a6e9f23b41b7191c81ec416fb) Importer(815301076,1909f56bfc062723c751e8b465ee728b)  -> (artifact id: '6e5b9efaaee20a347de4cc44804cdbef') in 0.106066 seconds 
Editor requested this worker to shutdown with reason: Scaling down because of idle timeout
AssetImportWorker is now disconnected from the server
Process exiting
Exiting without the bug reporter. Application will terminate with return code 0