Using pre-set license
Built from '2022.1/staging' branch; Version is '2022.1.17f1 (2d349551e475) revision 2962581'; Using compiler version '192829333'; Build Type 'Release'
OS: 'Windows 10  (10.0.19044) 64bit Core' Language: 'ko' Physical Memory: 16310 MB
BatchMode: 1, IsHumanControllingUs: 0, StartBugReporterOnCrash: 0, Is64bit: 1, IsPro: 1

COMMAND LINE ARGUMENTS:
C:\Program Files\Unity\Hub\Editor\2022.1.17f1\Editor\Unity.exe
-adb2
-batchMode
-noUpm
-name
AssetImportWorker4
-projectPath
C:/Users/dldud/Documents/GitHub/GameCreateProject/Game Create Project
-logFile
Logs/AssetImportWorker4.log
-srvPort
54242
Successfully changed project path to: C:/Users/dldud/Documents/GitHub/GameCreateProject/Game Create Project
C:/Users/dldud/Documents/GitHub/GameCreateProject/Game Create Project
[UnityMemory] Configuration Parameters - Can be set up in boot.config
    "memorysetup-bucket-allocator-granularity=16"
    "memorysetup-bucket-allocator-bucket-count=8"
    "memorysetup-bucket-allocator-block-size=33554432"
    "memorysetup-bucket-allocator-block-count=8"
    "memorysetup-main-allocator-block-size=16777216"
    "memorysetup-thread-allocator-block-size=16777216"
    "memorysetup-gfx-main-allocator-block-size=16777216"
    "memorysetup-gfx-thread-allocator-block-size=16777216"
    "memorysetup-cache-allocator-block-size=4194304"
    "memorysetup-typetree-allocator-block-size=2097152"
    "memorysetup-profiler-bucket-allocator-granularity=16"
    "memorysetup-profiler-bucket-allocator-bucket-count=8"
    "memorysetup-profiler-bucket-allocator-block-size=33554432"
    "memorysetup-profiler-bucket-allocator-block-count=8"
    "memorysetup-profiler-allocator-block-size=16777216"
    "memorysetup-profiler-editor-allocator-block-size=1048576"
    "memorysetup-temp-allocator-size-main=16777216"
    "memorysetup-job-temp-allocator-block-size=2097152"
    "memorysetup-job-temp-allocator-block-size-background=1048576"
    "memorysetup-job-temp-allocator-reduction-small-platforms=262144"
    "memorysetup-temp-allocator-size-background-worker=32768"
    "memorysetup-temp-allocator-size-job-worker=262144"
    "memorysetup-temp-allocator-size-preload-manager=33554432"
    "memorysetup-temp-allocator-size-nav-mesh-worker=65536"
    "memorysetup-temp-allocator-size-audio-worker=65536"
    "memorysetup-temp-allocator-size-cloud-worker=32768"
    "memorysetup-temp-allocator-size-gi-baking-worker=262144"
    "memorysetup-temp-allocator-size-gfx=262144"
Refreshing native plugins compatible for Editor in 104.14 ms, found 4 plugins.
Preloading 0 native plugins for Editor in 0.00 ms.
Initialize engine version: 2022.1.17f1 (2d349551e475)
[Subsystems] Discovering subsystems at path C:/Program Files/Unity/Hub/Editor/2022.1.17f1/Editor/Data/Resources/UnitySubsystems
[Subsystems] Discovering subsystems at path C:/Users/dldud/Documents/GitHub/GameCreateProject/Game Create Project/Assets
GfxDevice: creating device client; threaded=0; jobified=0
Direct3D:
    Version:  Direct3D 11.0 [level 11.1]
    Renderer: NVIDIA GeForce RTX 2070 SUPER (ID=0x1e84)
    Vendor:   NVIDIA
    VRAM:     8003 MB
    Driver:   31.0.15.2698
Initialize mono
Mono path[0] = 'C:/Program Files/Unity/Hub/Editor/2022.1.17f1/Editor/Data/Managed'
Mono path[1] = 'C:/Program Files/Unity/Hub/Editor/2022.1.17f1/Editor/Data/MonoBleedingEdge/lib/mono/unityjit-win32'
Mono config path = 'C:/Program Files/Unity/Hub/Editor/2022.1.17f1/Editor/Data/MonoBleedingEdge/etc'
Using monoOptions --debugger-agent=transport=dt_socket,embedding=1,server=y,suspend=n,address=127.0.0.1:56016
Begin MonoManager ReloadAssembly
Registering precompiled unity dll's ...
Register platform support module: C:/Program Files/Unity/Hub/Editor/2022.1.17f1/Editor/Data/PlaybackEngines/WindowsStandaloneSupport/UnityEditor.WindowsStandalone.Extensions.dll
Register platform support module: C:/Program Files/Unity/Hub/Editor/2022.1.17f1/Editor/Data/PlaybackEngines/MetroSupport/UnityEditor.UWP.Extensions.dll
Registered in 0.017691 seconds.
Native extension for UWP target not found
Native extension for WindowsStandalone target not found
Refreshing native plugins compatible for Editor in 88.88 ms, found 4 plugins.
Preloading 0 native plugins for Editor in 0.00 ms.
Mono: successfully reloaded assembly
- Completed reload, in  0.718 seconds
Domain Reload Profiling:
	ReloadAssembly (718ms)
		BeginReloadAssembly (95ms)
			ExecutionOrderSort (0ms)
			DisableScriptedObjects (0ms)
			BackupInstance (0ms)
			ReleaseScriptingObjects (0ms)
			CreateAndSetChildDomain (1ms)
		EndReloadAssembly (480ms)
			LoadAssemblies (93ms)
			RebuildTransferFunctionScriptingTraits (0ms)
			SetupTypeCache (127ms)
				TypeCache.Initialize (126ms)
					TypeCache.ScanAssembly (125ms)
				ResolveRequiredComponents (0ms)
			ReleaseScriptCaches (0ms)
			RebuildScriptCaches (27ms)
			SetupLoadedEditorAssemblies (271ms)
				LogAssemblyErrors (0ms)
				InitializePlatformSupportModulesInManaged (10ms)
				SetLoadedEditorAssemblies (7ms)
				RefreshPlugins (89ms)
				BeforeProcessingInitializeOnLoad (1ms)
				ProcessInitializeOnLoadAttributes (120ms)
				ProcessInitializeOnLoadMethodAttributes (43ms)
				AfterProcessingInitializeOnLoad (0ms)
				EditorAssembliesLoaded (0ms)
			ExecutionOrderSort2 (0ms)
			AwakeInstancesAfterBackupRestoration (0ms)
Platform modules already initialized, skipping
Registering precompiled user dll's ...
Registered in 0.010984 seconds.
Begin MonoManager ReloadAssembly
Symbol file LoadedFromMemory doesn't match image C:\Users\dldud\Documents\GitHub\GameCreateProject\Game Create Project\Library\PackageCache\com.unity.visualscripting@1.7.8\Editor\VisualScripting.Core\Dependencies\YamlDotNet\Unity.VisualScripting.YamlDotNet.dll
Symbol file LoadedFromMemory doesn't match image C:\Users\dldud\Documents\GitHub\GameCreateProject\Game Create Project\Library\PackageCache\com.unity.visualscripting@1.7.8\Editor\VisualScripting.Core\Dependencies\DotNetZip\Unity.VisualScripting.IonicZip.dll
Native extension for UWP target not found
Native extension for WindowsStandalone target not found
Refreshing native plugins compatible for Editor in 87.53 ms, found 4 plugins.
Preloading 0 native plugins for Editor in 0.00 ms.
Mono: successfully reloaded assembly
- Completed reload, in  1.111 seconds
Domain Reload Profiling:
	ReloadAssembly (1112ms)
		BeginReloadAssembly (120ms)
			ExecutionOrderSort (0ms)
			DisableScriptedObjects (5ms)
			BackupInstance (0ms)
			ReleaseScriptingObjects (0ms)
			CreateAndSetChildDomain (19ms)
		EndReloadAssembly (873ms)
			LoadAssemblies (105ms)
			RebuildTransferFunctionScriptingTraits (0ms)
			SetupTypeCache (223ms)
				TypeCache.Initialize (218ms)
					TypeCache.ScanAssembly (215ms)
				ResolveRequiredComponents (4ms)
			ReleaseScriptCaches (1ms)
			RebuildScriptCaches (50ms)
			SetupLoadedEditorAssemblies (454ms)
				LogAssemblyErrors (0ms)
				InitializePlatformSupportModulesInManaged (7ms)
				SetLoadedEditorAssemblies (5ms)
				RefreshPlugins (88ms)
				BeforeProcessingInitializeOnLoad (108ms)
				ProcessInitializeOnLoadAttributes (200ms)
				ProcessInitializeOnLoadMethodAttributes (33ms)
				AfterProcessingInitializeOnLoad (13ms)
				EditorAssembliesLoaded (0ms)
			ExecutionOrderSort2 (0ms)
			AwakeInstancesAfterBackupRestoration (6ms)
Platform modules already initialized, skipping
========================================================================
Worker process is ready to serve import requests
Launched and connected shader compiler UnityShaderCompiler.exe after 0.05 seconds
Refreshing native plugins compatible for Editor in 0.80 ms, found 4 plugins.
Preloading 0 native plugins for Editor in 0.00 ms.
Unloading 4149 Unused Serialized files (Serialized files now loaded: 0)
Unloading 45 unused Assets / (239.7 KB). Loaded Objects now: 4602.
Memory consumption went from 0.64 GB to 0.64 GB.
Total: 3.567200 ms (FindLiveObjects: 0.321600 ms CreateObjectMapping: 0.114300 ms MarkObjects: 2.939300 ms  DeleteObjects: 0.190900 ms)

AssetImportParameters requested are different than current active one (requested -> active):
  custom:video-decoder-ogg-theora: a1e56fd34408186e4bbccfd4996cb3dc -> 
  custom:container-muxer-webm: aa71ff27fc2769a1b78a27578f13a17b -> 
  custom:container-demuxer-webm: 4f35f7cbe854078d1ac9338744f61a02 -> 
  custom:video-encoder-webm-vp8: eb34c28f22e8b96e1ab97ce403110664 -> 
  custom:audio-encoder-webm-vorbis: bf7c407c2cedff20999df2af8eb42d56 -> 
  custom:framework-win-MediaFoundation: 216162199b28c13a410421893ffa2e32 -> 
  custom:container-demuxer-ogg: 62fdf1f143b41e24485cea50d1cbac27 -> 
  custom:video-decoder-webm-vp8: 9c59270c3fd7afecdb556c50c9e8de78 -> 
  custom:audio-decoder-ogg-vorbis: bf7c407c2cedff20999df2af8eb42d56 -> 
========================================================================
Received Import Request.
  Time since last request: 1467211.432702 seconds.
  path: Assets/Tilemaps/Wall_Tiles/TX Tileset Stone Ground_27.asset
  artifactKey: Guid(b5f273ad8912b9f4d8b5683d22dcfd70) Importer(815301076,1909f56bfc062723c751e8b465ee728b)
Start importing Assets/Tilemaps/Wall_Tiles/TX Tileset Stone Ground_27.asset using Guid(b5f273ad8912b9f4d8b5683d22dcfd70) Importer(815301076,1909f56bfc062723c751e8b465ee728b)  -> (artifact id: 'dc52546bbb4b34c644a8602deeb78085') in 0.056057 seconds 
========================================================================
Received Import Request.
  Time since last request: 10.244956 seconds.
  path: Assets/Tilemaps/TX Tileset Stone Ground.png
  artifactKey: Guid(19847a4621ca2484e885103ece4dd635) Importer(815301076,1909f56bfc062723c751e8b465ee728b)
Start importing Assets/Tilemaps/TX Tileset Stone Ground.png using Guid(19847a4621ca2484e885103ece4dd635) Importer(815301076,1909f56bfc062723c751e8b465ee728b)  -> (artifact id: '435958dab7c097ecc75b4c58dacc6a65') in 0.226556 seconds 
========================================================================
Received Import Request.
  Time since last request: 27.736480 seconds.
  path: Assets/Tilemaps/Wall_Tiles
  artifactKey: Guid(895ccfa50af7bf04d8ff44290ce1b68d) Importer(815301076,1909f56bfc062723c751e8b465ee728b)
Start importing Assets/Tilemaps/Wall_Tiles using Guid(895ccfa50af7bf04d8ff44290ce1b68d) Importer(815301076,1909f56bfc062723c751e8b465ee728b)  -> (artifact id: 'e488243b9e1d16a33f1b8335d2fd6e63') in 0.006898 seconds 
========================================================================
Received Import Request.
  Time since last request: 0.067811 seconds.
  path: Assets/Tilemaps/Wall_Tiles/TX Tileset Stone Ground_0.asset
  artifactKey: Guid(a5869fc48ae8ad2419c45a7d9c9eee32) Importer(815301076,1909f56bfc062723c751e8b465ee728b)
Start importing Assets/Tilemaps/Wall_Tiles/TX Tileset Stone Ground_0.asset using Guid(a5869fc48ae8ad2419c45a7d9c9eee32) Importer(815301076,1909f56bfc062723c751e8b465ee728b)  -> (artifact id: '8cf032767d72d24d5ff5ae6f92cf763d') in 0.008332 seconds 
========================================================================
Received Import Request.
  Time since last request: 0.013173 seconds.
  path: Assets/Tilemaps/Wall_Tiles/TX Tileset Stone Ground_3.asset
  artifactKey: Guid(d032a9330cbcdbd41a0e46cdcfd1791c) Importer(815301076,1909f56bfc062723c751e8b465ee728b)
Start importing Assets/Tilemaps/Wall_Tiles/TX Tileset Stone Ground_3.asset using Guid(d032a9330cbcdbd41a0e46cdcfd1791c) Importer(815301076,1909f56bfc062723c751e8b465ee728b)  -> (artifact id: '8ed3984c4ae45aa7596f36a914657413') in 0.010212 seconds 
========================================================================
Received Import Request.
  Time since last request: 0.014275 seconds.
  path: Assets/Tilemaps/Wall_Tiles/TX Tileset Stone Ground_8.asset
  artifactKey: Guid(8514afba588ecba4fbe0192853ffc959) Importer(815301076,1909f56bfc062723c751e8b465ee728b)
Start importing Assets/Tilemaps/Wall_Tiles/TX Tileset Stone Ground_8.asset using Guid(8514afba588ecba4fbe0192853ffc959) Importer(815301076,1909f56bfc062723c751e8b465ee728b)  -> (artifact id: '403fd79c69794687377a58434239f9b2') in 0.009384 seconds 
========================================================================
Received Import Request.
  Time since last request: 0.000016 seconds.
  path: Assets/Tilemaps/Wall_Tiles/TX Tileset Stone Ground_20.asset
  artifactKey: Guid(d79437a23b40c7f46ae3b69a19666c27) Importer(815301076,1909f56bfc062723c751e8b465ee728b)
Start importing Assets/Tilemaps/Wall_Tiles/TX Tileset Stone Ground_20.asset using Guid(d79437a23b40c7f46ae3b69a19666c27) Importer(815301076,1909f56bfc062723c751e8b465ee728b)  -> (artifact id: '9c4b320581796ddb11fb6d8d83e9c793') in 0.009947 seconds 
========================================================================
Received Import Request.
  Time since last request: 0.000019 seconds.
  path: Assets/Tilemaps/Wall_Tiles/TX Tileset Stone Ground_46.asset
  artifactKey: Guid(3b85524a4313da14e883279146a96365) Importer(815301076,1909f56bfc062723c751e8b465ee728b)
Start importing Assets/Tilemaps/Wall_Tiles/TX Tileset Stone Ground_46.asset using Guid(3b85524a4313da14e883279146a96365) Importer(815301076,1909f56bfc062723c751e8b465ee728b)  -> (artifact id: '75f320f6ddb94118ac046077ea65849e') in 0.010339 seconds 
========================================================================
Received Import Request.
  Time since last request: 0.000019 seconds.
  path: Assets/Tilemaps/Wall_Tiles/TX Tileset Stone Ground_7.asset
  artifactKey: Guid(3484565c3593d5c4b8bbc6cdac1f0048) Importer(815301076,1909f56bfc062723c751e8b465ee728b)
Start importing Assets/Tilemaps/Wall_Tiles/TX Tileset Stone Ground_7.asset using Guid(3484565c3593d5c4b8bbc6cdac1f0048) Importer(815301076,1909f56bfc062723c751e8b465ee728b)  -> (artifact id: 'd3be592d00b3059a52af099547e676c6') in 0.009501 seconds 
========================================================================
Received Import Request.
  Time since last request: 0.000021 seconds.
  path: Assets/Tilemaps/Wall_Tiles/TX Tileset Stone Ground_19.asset
  artifactKey: Guid(191c150851cf4474c8d6af0d9b5d0cc4) Importer(815301076,1909f56bfc062723c751e8b465ee728b)
Start importing Assets/Tilemaps/Wall_Tiles/TX Tileset Stone Ground_19.asset using Guid(191c150851cf4474c8d6af0d9b5d0cc4) Importer(815301076,1909f56bfc062723c751e8b465ee728b)  -> (artifact id: 'd761bdfd89987bf588db7f2aadc4b209') in 0.009713 seconds 
========================================================================
Received Import Request.
  Time since last request: 0.000021 seconds.
  path: Assets/Tilemaps/Wall_Tiles/TX Tileset Stone Ground_36.asset
  artifactKey: Guid(fb7020e1afd106b4aa0dd5a33df2e421) Importer(815301076,1909f56bfc062723c751e8b465ee728b)
Start importing Assets/Tilemaps/Wall_Tiles/TX Tileset Stone Ground_36.asset using Guid(fb7020e1afd106b4aa0dd5a33df2e421) Importer(815301076,1909f56bfc062723c751e8b465ee728b)  -> (artifact id: '26bfb57ffbd58630af7ec242d176016e') in 0.009211 seconds 
========================================================================
Received Import Request.
  Time since last request: 0.000022 seconds.
  path: Assets/Tilemaps/Wall_Tiles/TX Tileset Stone Ground_9.asset
  artifactKey: Guid(6b922117b7929cd4bb56dcf837d1cde3) Importer(815301076,1909f56bfc062723c751e8b465ee728b)
Start importing Assets/Tilemaps/Wall_Tiles/TX Tileset Stone Ground_9.asset using Guid(6b922117b7929cd4bb56dcf837d1cde3) Importer(815301076,1909f56bfc062723c751e8b465ee728b)  -> (artifact id: 'a9508328acaf3b68e36b7c3a6d1fc86c') in 0.008820 seconds 
========================================================================
Received Import Request.
  Time since last request: 0.000021 seconds.
  path: Assets/Tilemaps/Wall_Tiles/TX Tileset Stone Ground_29.asset
  artifactKey: Guid(2646c566985759c428df28c782b27142) Importer(815301076,1909f56bfc062723c751e8b465ee728b)
Start importing Assets/Tilemaps/Wall_Tiles/TX Tileset Stone Ground_29.asset using Guid(2646c566985759c428df28c782b27142) Importer(815301076,1909f56bfc062723c751e8b465ee728b)  -> (artifact id: '499fe30b770cf50344384a811c12abfb') in 0.009880 seconds 
========================================================================
Received Import Request.
  Time since last request: 0.000021 seconds.
  path: Assets/Tilemaps/Wall_Tiles/TX Tileset Stone Ground_26.asset
  artifactKey: Guid(4113c0c6b83fd044b9ffea348ec39bef) Importer(815301076,1909f56bfc062723c751e8b465ee728b)
Start importing Assets/Tilemaps/Wall_Tiles/TX Tileset Stone Ground_26.asset using Guid(4113c0c6b83fd044b9ffea348ec39bef) Importer(815301076,1909f56bfc062723c751e8b465ee728b)  -> (artifact id: 'fe7a25d5bc41d830a63399f9c9d788bc') in 0.010189 seconds 
========================================================================
Received Import Request.
  Time since last request: 0.000017 seconds.
  path: Assets/Tilemaps/Wall_Tiles/TX Tileset Stone Ground_44.asset
  artifactKey: Guid(84d7f20653f851a4f87fa7868718fa79) Importer(815301076,1909f56bfc062723c751e8b465ee728b)
Start importing Assets/Tilemaps/Wall_Tiles/TX Tileset Stone Ground_44.asset using Guid(84d7f20653f851a4f87fa7868718fa79) Importer(815301076,1909f56bfc062723c751e8b465ee728b)  -> (artifact id: 'c7abaeaca3df9ab57c73bc880999f406') in 0.010898 seconds 
========================================================================
Received Import Request.
  Time since last request: 0.000020 seconds.
  path: Assets/Tilemaps/Wall_Tiles/TX Tileset Stone Ground_42.asset
  artifactKey: Guid(37bc6064d12f0f44593ecdb6dcec4441) Importer(815301076,1909f56bfc062723c751e8b465ee728b)
Start importing Assets/Tilemaps/Wall_Tiles/TX Tileset Stone Ground_42.asset using Guid(37bc6064d12f0f44593ecdb6dcec4441) Importer(815301076,1909f56bfc062723c751e8b465ee728b)  -> (artifact id: '90be9a44a45392b0c18b731e52460398') in 0.008884 seconds 
========================================================================
Received Import Request.
  Time since last request: 0.000030 seconds.
  path: Assets/Tilemaps/Wall_Tiles/TX Tileset Stone Ground_11.asset
  artifactKey: Guid(e54517c5268519b4190bf1947ad4fb78) Importer(815301076,1909f56bfc062723c751e8b465ee728b)
Start importing Assets/Tilemaps/Wall_Tiles/TX Tileset Stone Ground_11.asset using Guid(e54517c5268519b4190bf1947ad4fb78) Importer(815301076,1909f56bfc062723c751e8b465ee728b)  -> (artifact id: '8a97fe302d1c9a63d5b23f4a17a4fcec') in 0.009007 seconds 
========================================================================
Received Import Request.
  Time since last request: 0.000019 seconds.
  path: Assets/Tilemaps/Wall_Tiles/TX Tileset Stone Ground_23.asset
  artifactKey: Guid(a04d87b966291d744a8074a99d41e2f1) Importer(815301076,1909f56bfc062723c751e8b465ee728b)
Start importing Assets/Tilemaps/Wall_Tiles/TX Tileset Stone Ground_23.asset using Guid(a04d87b966291d744a8074a99d41e2f1) Importer(815301076,1909f56bfc062723c751e8b465ee728b)  -> (artifact id: 'bdaeac0252e37b0e1277f79cdf6bd892') in 0.008304 seconds 
========================================================================
Received Import Request.
  Time since last request: 0.000022 seconds.
  path: Assets/Tilemaps/Wall_Tiles/TX Tileset Stone Ground_5.asset
  artifactKey: Guid(c637ae6ea3e0f674a886164ed7d18b1b) Importer(815301076,1909f56bfc062723c751e8b465ee728b)
Start importing Assets/Tilemaps/Wall_Tiles/TX Tileset Stone Ground_5.asset using Guid(c637ae6ea3e0f674a886164ed7d18b1b) Importer(815301076,1909f56bfc062723c751e8b465ee728b)  -> (artifact id: '3076f1117ee1a82e134dcfe82b73f449') in 0.013854 seconds 
========================================================================
Received Import Request.
  Time since last request: 0.000028 seconds.
  path: Assets/Tilemaps/Wall_Tiles/TX Tileset Stone Ground_18.asset
  artifactKey: Guid(f8bd0641f59a6d04e93c45e5e0b0d2c0) Importer(815301076,1909f56bfc062723c751e8b465ee728b)
Start importing Assets/Tilemaps/Wall_Tiles/TX Tileset Stone Ground_18.asset using Guid(f8bd0641f59a6d04e93c45e5e0b0d2c0) Importer(815301076,1909f56bfc062723c751e8b465ee728b)  -> (artifact id: '3c904b05a1f22d973122d2a788fc8eea') in 0.008786 seconds 
========================================================================
Received Import Request.
  Time since last request: 0.000022 seconds.
  path: Assets/Tilemaps/Wall_Tiles/TX Tileset Stone Ground_38.asset
  artifactKey: Guid(f21ebe3f4fcc21942a04a1a30efd6ed2) Importer(815301076,1909f56bfc062723c751e8b465ee728b)
Start importing Assets/Tilemaps/Wall_Tiles/TX Tileset Stone Ground_38.asset using Guid(f21ebe3f4fcc21942a04a1a30efd6ed2) Importer(815301076,1909f56bfc062723c751e8b465ee728b)  -> (artifact id: 'e1feed1bb8d5378c35c13e6be32c9771') in 0.009952 seconds 
========================================================================
Received Import Request.
  Time since last request: 0.000020 seconds.
  path: Assets/Tilemaps/Wall_Tiles/TX Tileset Stone Ground_28.asset
  artifactKey: Guid(268185a0b693f07438007aed504a6f03) Importer(815301076,1909f56bfc062723c751e8b465ee728b)
Start importing Assets/Tilemaps/Wall_Tiles/TX Tileset Stone Ground_28.asset using Guid(268185a0b693f07438007aed504a6f03) Importer(815301076,1909f56bfc062723c751e8b465ee728b)  -> (artifact id: '1261eea5f8ac132f6e86665490907568') in 0.009644 seconds 
========================================================================
Received Import Request.
  Time since last request: 0.000019 seconds.
  path: Assets/Tilemaps/Wall_Tiles/TX Tileset Stone Ground_16.asset
  artifactKey: Guid(9be26308456650d488d0b8bb46c44b9a) Importer(815301076,1909f56bfc062723c751e8b465ee728b)
Start importing Assets/Tilemaps/Wall_Tiles/TX Tileset Stone Ground_16.asset using Guid(9be26308456650d488d0b8bb46c44b9a) Importer(815301076,1909f56bfc062723c751e8b465ee728b)  -> (artifact id: '0947ff6af0a23037c304e2f7d26e83e2') in 0.009026 seconds 
========================================================================
Received Import Request.
  Time since last request: 0.000018 seconds.
  path: Assets/Tilemaps/Wall_Tiles/TX Tileset Stone Ground_15.asset
  artifactKey: Guid(b06796b04a53b984a8c25f72d9bb8f77) Importer(815301076,1909f56bfc062723c751e8b465ee728b)
Start importing Assets/Tilemaps/Wall_Tiles/TX Tileset Stone Ground_15.asset using Guid(b06796b04a53b984a8c25f72d9bb8f77) Importer(815301076,1909f56bfc062723c751e8b465ee728b)  -> (artifact id: '4be85c24c02990c8f822a6f82560ad5d') in 0.008644 seconds 
Editor requested this worker to shutdown with reason: Scaling down because of idle timeout
AssetImportWorker is now disconnected from the server
Process exiting
Exiting without the bug reporter. Application will terminate with return code 0